2025-10-24 10:41:13,779 - __main__ - INFO - ================================================================================
2025-10-24 10:41:13,779 - __main__ - INFO - Application started
2025-10-24 10:41:13,780 - __main__ - INFO - ================================================================================
2025-10-24 10:41:13,848 - werkzeug - INFO - [31m[1mWARNING: This is a development server. Do not use it in a production deployment. Use a production WSGI server instead.[0m
 * Running on all addresses (0.0.0.0)
 * Running on http://127.0.0.1:5000
 * Running on http://172.26.1.23:5000
2025-10-24 10:41:13,848 - werkzeug - INFO - [33mPress CTRL+C to quit[0m
2025-10-24 10:41:13,852 - werkzeug - INFO -  * Restarting with stat
2025-10-24 10:41:16,344 - __main__ - INFO - ================================================================================
2025-10-24 10:41:16,345 - __main__ - INFO - Application started
2025-10-24 10:41:16,345 - __main__ - INFO - ================================================================================
2025-10-24 10:41:16,373 - werkzeug - WARNING -  * Debugger is active!
2025-10-24 10:41:16,382 - werkzeug - INFO -  * Debugger PIN: 117-105-705
2025-10-24 10:41:20,206 - werkzeug - INFO - 127.0.0.1 - - [24/Oct/2025 10:41:20] "GET / HTTP/1.1" 200 -
2025-10-24 10:41:20,738 - werkzeug - INFO - 127.0.0.1 - - [24/Oct/2025 10:41:20] "[36mGET /static/style.css HTTP/1.1[0m" 304 -
2025-10-24 10:41:21,706 - werkzeug - INFO - 127.0.0.1 - - [24/Oct/2025 10:41:21] "[33mGET /favicon.ico HTTP/1.1[0m" 404 -
2025-10-24 10:41:29,742 - werkzeug - INFO - 127.0.0.1 - - [24/Oct/2025 10:41:29] "GET /server-config HTTP/1.1" 200 -
2025-10-24 10:41:29,859 - werkzeug - INFO - 127.0.0.1 - - [24/Oct/2025 10:41:29] "[36mGET /static/style.css HTTP/1.1[0m" 304 -
2025-10-24 10:41:50,667 - werkzeug - INFO - 127.0.0.1 - - [24/Oct/2025 10:41:50] "[32mPOST /save-server-config HTTP/1.1[0m" 302 -
2025-10-24 10:41:50,720 - werkzeug - INFO - 127.0.0.1 - - [24/Oct/2025 10:41:50] "GET / HTTP/1.1" 200 -
2025-10-24 10:41:50,831 - werkzeug - INFO - 127.0.0.1 - - [24/Oct/2025 10:41:50] "[36mGET /static/style.css HTTP/1.1[0m" 304 -
2025-10-24 10:41:59,283 - __main__ - INFO - ================================================================================
2025-10-24 10:41:59,284 - __main__ - INFO - TEST CONNECTION REQUEST
2025-10-24 10:41:59,284 - __main__ - INFO - ================================================================================
2025-10-24 10:41:59,285 - __main__ - INFO - Testing connection to: http://localhost:8080/
2025-10-24 10:42:00,586 - __main__ - INFO - Connection test successful
2025-10-24 10:42:00,646 - werkzeug - INFO - 127.0.0.1 - - [24/Oct/2025 10:42:00] "GET /test-connection HTTP/1.1" 200 -
2025-10-24 10:42:12,295 - werkzeug - INFO - 127.0.0.1 - - [24/Oct/2025 10:42:12] "GET / HTTP/1.1" 200 -
2025-10-24 10:42:12,405 - werkzeug - INFO - 127.0.0.1 - - [24/Oct/2025 10:42:12] "[36mGET /static/style.css HTTP/1.1[0m" 304 -
2025-10-24 10:42:27,653 - __main__ - INFO - ================================================================================
2025-10-24 10:42:27,654 - __main__ - INFO - UPLOAD FILE REQUEST
2025-10-24 10:42:27,654 - __main__ - INFO - ================================================================================
2025-10-24 10:42:27,658 - __main__ - INFO - File received: sample_devices_freitag_20.xlsx
2025-10-24 10:42:27,660 - __main__ - INFO - Saving file to: uploads\43a64306-59ea-4841-8b3f-59a462fe590c.xlsx
2025-10-24 10:42:27,661 - __main__ - INFO - Parsing file with extension: xlsx
2025-10-24 10:42:28,952 - __main__ - INFO - Parse result success: True
2025-10-24 10:42:28,955 - __main__ - INFO - Parse result message: Excel-Datei erfolgreich gelesen (1 Blatt/Blätter)
2025-10-24 10:42:28,963 - __main__ - INFO - Number of sheets: 1
2025-10-24 10:42:28,967 - __main__ - INFO - Sheet names: ['Sheet1']
2025-10-24 10:42:28,986 - __main__ - INFO - Sheet 'Sheet1': 20 rows, 7 columns
2025-10-24 10:42:29,005 - __main__ - INFO - Writing parsed data to: uploads\43a64306-59ea-4841-8b3f-59a462fe590c_parsed.json
2025-10-24 10:42:29,030 - __main__ - INFO - Session stored - sheet_names: ['Sheet1']
2025-10-24 10:42:29,038 - __main__ - INFO - Session stored - parsed_data_file: uploads\43a64306-59ea-4841-8b3f-59a462fe590c_parsed.json
2025-10-24 10:42:29,049 - __main__ - INFO - Session stored - filepath: uploads\43a64306-59ea-4841-8b3f-59a462fe590c.xlsx
2025-10-24 10:42:29,062 - __main__ - INFO - File exists check: True
2025-10-24 10:42:29,068 - __main__ - INFO - Redirecting to select_sheet
2025-10-24 10:42:29,078 - werkzeug - INFO - 127.0.0.1 - - [24/Oct/2025 10:42:29] "[32mPOST /upload HTTP/1.1[0m" 302 -
2025-10-24 10:42:29,155 - __main__ - INFO - ================================================================================
2025-10-24 10:42:29,156 - __main__ - INFO - SELECT SHEET REQUEST
2025-10-24 10:42:29,160 - __main__ - INFO - ================================================================================
2025-10-24 10:42:29,162 - __main__ - INFO - Session sheet_names: ['Sheet1']
2025-10-24 10:42:29,164 - __main__ - INFO - Session original_filename: sample_devices_freitag_20.xlsx
2025-10-24 10:42:29,165 - __main__ - INFO - Session file_type: excel
2025-10-24 10:42:29,166 - __main__ - INFO - Session parsed_data_file: uploads\43a64306-59ea-4841-8b3f-59a462fe590c_parsed.json
2025-10-24 10:42:29,167 - __main__ - INFO - All session keys: ['_flashes', 'file_type', 'filepath', 'original_filename', 'parsed_data_file', 'sheet_names']
2025-10-24 10:42:29,168 - __main__ - INFO - Parsed data file exists: True
2025-10-24 10:42:29,170 - __main__ - INFO - Reading parsed data from: uploads\43a64306-59ea-4841-8b3f-59a462fe590c_parsed.json
2025-10-24 10:42:29,255 - __main__ - INFO - Parsed data contains sheets: ['Sheet1']
2025-10-24 10:42:29,264 - __main__ - INFO - Creating preview for sheet 'Sheet1': 20 rows, 7 cols
2025-10-24 10:42:29,317 - werkzeug - INFO - 127.0.0.1 - - [24/Oct/2025 10:42:29] "GET /select-sheet HTTP/1.1" 200 -
2025-10-24 10:42:29,394 - werkzeug - INFO - 127.0.0.1 - - [24/Oct/2025 10:42:29] "[36mGET /static/style.css HTTP/1.1[0m" 304 -
2025-10-24 10:42:41,923 - __main__ - INFO - ================================================================================
2025-10-24 10:42:41,923 - __main__ - INFO - COLUMN MAPPING REQUEST
2025-10-24 10:42:41,924 - __main__ - INFO - ================================================================================
2025-10-24 10:42:41,925 - __main__ - INFO - Selected sheet from form: Sheet1
2025-10-24 10:42:41,926 - __main__ - INFO - Stored selected_sheet in session: Sheet1
2025-10-24 10:42:41,926 - __main__ - INFO - Parsed data file from session: uploads\43a64306-59ea-4841-8b3f-59a462fe590c_parsed.json
2025-10-24 10:42:41,928 - __main__ - INFO - Reading parsed data from file
2025-10-24 10:42:41,929 - __main__ - INFO - Available sheets in parsed data: ['Sheet1']
2025-10-24 10:42:41,930 - __main__ - INFO - Sheet columns: ['DevEUI', 'Name', 'Description', 'Application_ID', 'Device_Profile_ID', 'NwkKey', 'AppKey']
2025-10-24 10:42:41,931 - __main__ - INFO - Sheet has 20 rows
2025-10-24 10:42:41,935 - __main__ - INFO - Rendering column_mapping.html template
2025-10-24 10:42:42,029 - werkzeug - INFO - 127.0.0.1 - - [24/Oct/2025 10:42:42] "POST /column-mapping HTTP/1.1" 200 -
2025-10-24 10:42:42,081 - werkzeug - INFO - 127.0.0.1 - - [24/Oct/2025 10:42:42] "[36mGET /static/style.css HTTP/1.1[0m" 304 -
2025-10-24 10:43:47,102 - __main__ - INFO - ================================================================================
2025-10-24 10:43:47,112 - __main__ - INFO - PROCESS MAPPING REQUEST
2025-10-24 10:43:47,117 - __main__ - INFO - ================================================================================
2025-10-24 10:43:47,121 - __main__ - INFO - Column mapping received: {'dev_eui': 'DevEUI', 'name': 'Name', 'application_id': 'Application_ID', 'device_profile_id': 'Device_Profile_ID', 'nwk_key': 'NwkKey', 'app_key': 'AppKey', 'description': 'Description'}
2025-10-24 10:43:47,125 - __main__ - INFO - Column mapping stored in session
2025-10-24 10:43:47,127 - __main__ - INFO - Redirecting to registration preview
2025-10-24 10:43:47,131 - werkzeug - INFO - 127.0.0.1 - - [24/Oct/2025 10:43:47] "[32mPOST /process-mapping HTTP/1.1[0m" 302 -
2025-10-24 10:43:47,156 - __main__ - INFO - ================================================================================
2025-10-24 10:43:47,168 - __main__ - INFO - REGISTRATION PREVIEW REQUEST
2025-10-24 10:43:47,170 - __main__ - INFO - ================================================================================
2025-10-24 10:43:47,178 - __main__ - INFO - Selected sheet: Sheet1
2025-10-24 10:43:47,186 - __main__ - INFO - Column mapping: {'app_key': 'AppKey', 'application_id': 'Application_ID', 'description': 'Description', 'dev_eui': 'DevEUI', 'device_profile_id': 'Device_Profile_ID', 'name': 'Name', 'nwk_key': 'NwkKey'}
2025-10-24 10:43:47,199 - __main__ - INFO - Loaded 20 devices from sheet
2025-10-24 10:43:47,212 - __main__ - INFO - Mapped 20 devices successfully
2025-10-24 10:43:47,229 - __main__ - INFO - Server configured: True
2025-10-24 10:43:47,416 - werkzeug - INFO - 127.0.0.1 - - [24/Oct/2025 10:43:47] "GET /registration-preview HTTP/1.1" 200 -
2025-10-24 10:43:47,595 - werkzeug - INFO - 127.0.0.1 - - [24/Oct/2025 10:43:47] "[36mGET /static/style.css HTTP/1.1[0m" 304 -
2025-10-24 10:44:05,224 - werkzeug - INFO - 127.0.0.1 - - [24/Oct/2025 10:44:05] "POST /start-registration HTTP/1.1" 200 -
2025-10-24 10:44:05,266 - werkzeug - INFO - 127.0.0.1 - - [24/Oct/2025 10:44:05] "[36mGET /static/style.css HTTP/1.1[0m" 304 -
2025-10-24 10:44:05,335 - __main__ - INFO - Streaming registration with duplicate_action: skip
2025-10-24 10:44:05,339 - werkzeug - INFO - 127.0.0.1 - - [24/Oct/2025 10:44:05] "POST /register-devices-stream HTTP/1.1" 200 -
2025-10-24 10:44:05,435 - __main__ - INFO - Device 083B7F7201545AB6: exists=False, duplicate_action=skip
2025-10-24 10:44:05,502 - __main__ - INFO - Device C0EB716CDA9926AF: exists=False, duplicate_action=skip
2025-10-24 10:44:05,535 - __main__ - INFO - Device 47F7F0478600BF17: exists=False, duplicate_action=skip
2025-10-24 10:44:05,586 - __main__ - INFO - Device C0C4D12E3C159E7E: exists=False, duplicate_action=skip
2025-10-24 10:44:05,623 - __main__ - INFO - Device D262F86A3FA12349: exists=False, duplicate_action=skip
2025-10-24 10:44:05,658 - __main__ - INFO - Device 9A3329FFBE6BCD93: exists=False, duplicate_action=skip
2025-10-24 10:44:05,702 - __main__ - INFO - Device 94BF71704CC4FAEB: exists=False, duplicate_action=skip
2025-10-24 10:44:05,734 - __main__ - INFO - Device 5748FBA007E6CE19: exists=False, duplicate_action=skip
2025-10-24 10:44:05,769 - __main__ - INFO - Device 371214BBBB719732: exists=False, duplicate_action=skip
2025-10-24 10:44:05,803 - __main__ - INFO - Device A88E37F4C81AE266: exists=False, duplicate_action=skip
2025-10-24 10:44:05,838 - __main__ - INFO - Device 7E8C780C40FC8FC3: exists=False, duplicate_action=skip
2025-10-24 10:44:05,869 - __main__ - INFO - Device D0C1ADE6A263DA71: exists=False, duplicate_action=skip
2025-10-24 10:44:05,905 - __main__ - INFO - Device F28B418E802EAC92: exists=False, duplicate_action=skip
2025-10-24 10:44:05,934 - __main__ - INFO - Device B8FB7BBC920C7408: exists=False, duplicate_action=skip
2025-10-24 10:44:05,966 - __main__ - INFO - Device 1BFA99B9721E8CFD: exists=False, duplicate_action=skip
2025-10-24 10:44:06,008 - __main__ - INFO - Device 0851A50CA50C622B: exists=False, duplicate_action=skip
2025-10-24 10:44:06,040 - __main__ - INFO - Device C2AA3AD05CBA1950: exists=False, duplicate_action=skip
2025-10-24 10:44:06,080 - __main__ - INFO - Device 91C3FC48F3475ED8: exists=False, duplicate_action=skip
2025-10-24 10:44:06,120 - __main__ - INFO - Device 8EF6377B2F37D3E9: exists=False, duplicate_action=skip
2025-10-24 10:44:06,159 - __main__ - INFO - Device 718FDAA5A7ED8F25: exists=False, duplicate_action=skip
2025-10-24 10:44:13,452 - __main__ - INFO - ================================================================================
2025-10-24 10:44:13,452 - __main__ - INFO - REGISTRATION RESULTS PAGE
2025-10-24 10:44:13,453 - __main__ - INFO - ================================================================================
2025-10-24 10:44:13,453 - __main__ - WARNING - No registration results found in session
2025-10-24 10:44:13,454 - werkzeug - INFO - 127.0.0.1 - - [24/Oct/2025 10:44:13] "[32mGET /registration-results HTTP/1.1[0m" 302 -
2025-10-24 10:44:13,487 - werkzeug - INFO - 127.0.0.1 - - [24/Oct/2025 10:44:13] "GET / HTTP/1.1" 200 -
2025-10-24 10:44:13,567 - werkzeug - INFO - 127.0.0.1 - - [24/Oct/2025 10:44:13] "[36mGET /static/style.css HTTP/1.1[0m" 304 -
2025-10-24 10:46:56,957 - werkzeug - INFO - 127.0.0.1 - - [24/Oct/2025 10:46:56] "GET /server-config HTTP/1.1" 200 -
2025-10-24 10:46:57,047 - werkzeug - INFO - 127.0.0.1 - - [24/Oct/2025 10:46:57] "[36mGET /static/style.css HTTP/1.1[0m" 304 -
2025-10-24 10:51:16,944 - werkzeug - INFO - 127.0.0.1 - - [24/Oct/2025 10:51:16] "GET / HTTP/1.1" 200 -
2025-10-24 10:51:17,033 - werkzeug - INFO - 127.0.0.1 - - [24/Oct/2025 10:51:17] "[36mGET /static/style.css HTTP/1.1[0m" 304 -
2025-10-24 10:51:22,953 - __main__ - INFO - Template download requested
2025-10-24 10:51:23,083 - werkzeug - INFO - 127.0.0.1 - - [24/Oct/2025 10:51:23] "GET /download-template HTTP/1.1" 200 -
2025-10-24 10:54:35,557 - __main__ - INFO - ================================================================================
2025-10-24 10:54:35,557 - __main__ - INFO - UPLOAD FILE REQUEST
2025-10-24 10:54:35,558 - __main__ - INFO - ================================================================================
2025-10-24 10:54:35,559 - __main__ - INFO - File received: sample_devices_freitag_20.xlsx
2025-10-24 10:54:35,560 - __main__ - INFO - Saving file to: uploads\5f61525f-16ca-4fba-b238-8e91648053eb.xlsx
2025-10-24 10:54:35,561 - __main__ - INFO - Parsing file with extension: xlsx
2025-10-24 10:54:35,625 - __main__ - INFO - Parse result success: True
2025-10-24 10:54:35,625 - __main__ - INFO - Parse result message: Excel-Datei erfolgreich gelesen (1 Blatt/Blätter)
2025-10-24 10:54:35,625 - __main__ - INFO - Number of sheets: 1
2025-10-24 10:54:35,626 - __main__ - INFO - Sheet names: ['Sheet1']
2025-10-24 10:54:35,628 - __main__ - INFO - Sheet 'Sheet1': 20 rows, 7 columns
2025-10-24 10:54:35,629 - __main__ - INFO - Writing parsed data to: uploads\5f61525f-16ca-4fba-b238-8e91648053eb_parsed.json
2025-10-24 10:54:35,632 - __main__ - INFO - Session stored - sheet_names: ['Sheet1']
2025-10-24 10:54:35,633 - __main__ - INFO - Session stored - parsed_data_file: uploads\5f61525f-16ca-4fba-b238-8e91648053eb_parsed.json
2025-10-24 10:54:35,633 - __main__ - INFO - Session stored - filepath: uploads\5f61525f-16ca-4fba-b238-8e91648053eb.xlsx
2025-10-24 10:54:35,633 - __main__ - INFO - File exists check: True
2025-10-24 10:54:35,634 - __main__ - INFO - Redirecting to select_sheet
2025-10-24 10:54:35,635 - werkzeug - INFO - 127.0.0.1 - - [24/Oct/2025 10:54:35] "[32mPOST /upload HTTP/1.1[0m" 302 -
2025-10-24 10:54:35,650 - __main__ - INFO - ================================================================================
2025-10-24 10:54:35,651 - __main__ - INFO - SELECT SHEET REQUEST
2025-10-24 10:54:35,651 - __main__ - INFO - ================================================================================
2025-10-24 10:54:35,652 - __main__ - INFO - Session sheet_names: ['Sheet1']
2025-10-24 10:54:35,652 - __main__ - INFO - Session original_filename: sample_devices_freitag_20.xlsx
2025-10-24 10:54:35,653 - __main__ - INFO - Session file_type: excel
2025-10-24 10:54:35,653 - __main__ - INFO - Session parsed_data_file: uploads\5f61525f-16ca-4fba-b238-8e91648053eb_parsed.json
2025-10-24 10:54:35,653 - __main__ - INFO - All session keys: ['_flashes', 'column_mapping', 'duplicate_action', 'file_type', 'filepath', 'original_filename', 'parsed_data_file', 'selected_sheet', 'sheet_names']
2025-10-24 10:54:35,654 - __main__ - INFO - Parsed data file exists: True
2025-10-24 10:54:35,655 - __main__ - INFO - Reading parsed data from: uploads\5f61525f-16ca-4fba-b238-8e91648053eb_parsed.json
2025-10-24 10:54:35,657 - __main__ - INFO - Parsed data contains sheets: ['Sheet1']
2025-10-24 10:54:35,659 - __main__ - INFO - Creating preview for sheet 'Sheet1': 20 rows, 7 cols
2025-10-24 10:54:35,668 - werkzeug - INFO - 127.0.0.1 - - [24/Oct/2025 10:54:35] "GET /select-sheet HTTP/1.1" 200 -
2025-10-24 10:54:35,740 - werkzeug - INFO - 127.0.0.1 - - [24/Oct/2025 10:54:35] "[36mGET /static/style.css HTTP/1.1[0m" 304 -
2025-10-24 10:54:37,376 - __main__ - INFO - ================================================================================
2025-10-24 10:54:37,381 - __main__ - INFO - COLUMN MAPPING REQUEST
2025-10-24 10:54:37,382 - __main__ - INFO - ================================================================================
2025-10-24 10:54:37,383 - __main__ - INFO - Selected sheet from form: Sheet1
2025-10-24 10:54:37,383 - __main__ - INFO - Stored selected_sheet in session: Sheet1
2025-10-24 10:54:37,384 - __main__ - INFO - Parsed data file from session: uploads\5f61525f-16ca-4fba-b238-8e91648053eb_parsed.json
2025-10-24 10:54:37,384 - __main__ - INFO - Reading parsed data from file
2025-10-24 10:54:37,385 - __main__ - INFO - Available sheets in parsed data: ['Sheet1']
2025-10-24 10:54:37,387 - __main__ - INFO - Sheet columns: ['DevEUI', 'Name', 'Description', 'Application_ID', 'Device_Profile_ID', 'NwkKey', 'AppKey']
2025-10-24 10:54:37,391 - __main__ - INFO - Sheet has 20 rows
2025-10-24 10:54:37,405 - __main__ - INFO - Rendering column_mapping.html template
2025-10-24 10:54:37,407 - werkzeug - INFO - 127.0.0.1 - - [24/Oct/2025 10:54:37] "POST /column-mapping HTTP/1.1" 200 -
2025-10-24 10:54:37,492 - werkzeug - INFO - 127.0.0.1 - - [24/Oct/2025 10:54:37] "[36mGET /static/style.css HTTP/1.1[0m" 304 -
2025-10-24 10:54:40,564 - __main__ - INFO - ================================================================================
2025-10-24 10:54:40,565 - __main__ - INFO - PROCESS MAPPING REQUEST
2025-10-24 10:54:40,565 - __main__ - INFO - ================================================================================
2025-10-24 10:54:40,568 - __main__ - INFO - Column mapping received: {'dev_eui': 'DevEUI', 'name': 'Name', 'application_id': 'Application_ID', 'device_profile_id': 'Device_Profile_ID', 'nwk_key': 'NwkKey', 'app_key': 'AppKey', 'description': 'Description'}
2025-10-24 10:54:40,569 - __main__ - INFO - Column mapping stored in session
2025-10-24 10:54:40,570 - __main__ - INFO - Redirecting to registration preview
2025-10-24 10:54:40,572 - werkzeug - INFO - 127.0.0.1 - - [24/Oct/2025 10:54:40] "[32mPOST /process-mapping HTTP/1.1[0m" 302 -
2025-10-24 10:54:40,595 - __main__ - INFO - ================================================================================
2025-10-24 10:54:40,597 - __main__ - INFO - REGISTRATION PREVIEW REQUEST
2025-10-24 10:54:40,598 - __main__ - INFO - ================================================================================
2025-10-24 10:54:40,602 - __main__ - INFO - Selected sheet: Sheet1
2025-10-24 10:54:40,605 - __main__ - INFO - Column mapping: {'app_key': 'AppKey', 'application_id': 'Application_ID', 'description': 'Description', 'dev_eui': 'DevEUI', 'device_profile_id': 'Device_Profile_ID', 'name': 'Name', 'nwk_key': 'NwkKey'}
2025-10-24 10:54:40,618 - __main__ - INFO - Loaded 20 devices from sheet
2025-10-24 10:54:40,624 - __main__ - INFO - Mapped 20 devices successfully
2025-10-24 10:54:40,637 - __main__ - INFO - Server configured: True
2025-10-24 10:54:40,640 - werkzeug - INFO - 127.0.0.1 - - [24/Oct/2025 10:54:40] "GET /registration-preview HTTP/1.1" 200 -
2025-10-24 10:54:40,718 - werkzeug - INFO - 127.0.0.1 - - [24/Oct/2025 10:54:40] "[36mGET /static/style.css HTTP/1.1[0m" 304 -
2025-10-24 10:54:44,025 - werkzeug - INFO - 127.0.0.1 - - [24/Oct/2025 10:54:44] "POST /start-registration HTTP/1.1" 200 -
2025-10-24 10:54:44,100 - werkzeug - INFO - 127.0.0.1 - - [24/Oct/2025 10:54:44] "[36mGET /static/style.css HTTP/1.1[0m" 304 -
2025-10-24 10:54:44,156 - __main__ - INFO - Streaming registration with duplicate_action: skip
2025-10-24 10:54:44,167 - werkzeug - INFO - 127.0.0.1 - - [24/Oct/2025 10:54:44] "POST /register-devices-stream HTTP/1.1" 200 -
2025-10-24 10:54:44,242 - __main__ - INFO - Device 083B7F7201545AB6: exists=True, duplicate_action=skip
2025-10-24 10:54:44,243 - __main__ - INFO - Skipping existing device 083B7F7201545AB6
2025-10-24 10:54:44,250 - __main__ - INFO - Device C0EB716CDA9926AF: exists=True, duplicate_action=skip
2025-10-24 10:54:44,250 - __main__ - INFO - Skipping existing device C0EB716CDA9926AF
2025-10-24 10:54:44,258 - __main__ - INFO - Device 47F7F0478600BF17: exists=True, duplicate_action=skip
2025-10-24 10:54:44,260 - __main__ - INFO - Skipping existing device 47F7F0478600BF17
2025-10-24 10:54:44,267 - __main__ - INFO - Device C0C4D12E3C159E7E: exists=True, duplicate_action=skip
2025-10-24 10:54:44,268 - __main__ - INFO - Skipping existing device C0C4D12E3C159E7E
2025-10-24 10:54:44,277 - __main__ - INFO - Device D262F86A3FA12349: exists=True, duplicate_action=skip
2025-10-24 10:54:44,314 - __main__ - INFO - Skipping existing device D262F86A3FA12349
2025-10-24 10:54:44,349 - __main__ - INFO - Device 9A3329FFBE6BCD93: exists=True, duplicate_action=skip
2025-10-24 10:54:44,351 - __main__ - INFO - Skipping existing device 9A3329FFBE6BCD93
2025-10-24 10:54:44,358 - __main__ - INFO - Device 94BF71704CC4FAEB: exists=True, duplicate_action=skip
2025-10-24 10:54:44,358 - __main__ - INFO - Skipping existing device 94BF71704CC4FAEB
2025-10-24 10:54:44,368 - __main__ - INFO - Device 5748FBA007E6CE19: exists=True, duplicate_action=skip
2025-10-24 10:54:44,369 - __main__ - INFO - Skipping existing device 5748FBA007E6CE19
2025-10-24 10:54:44,378 - __main__ - INFO - Device 371214BBBB719732: exists=True, duplicate_action=skip
2025-10-24 10:54:44,381 - __main__ - INFO - Skipping existing device 371214BBBB719732
2025-10-24 10:54:44,388 - __main__ - INFO - Device A88E37F4C81AE266: exists=True, duplicate_action=skip
2025-10-24 10:54:44,391 - __main__ - INFO - Skipping existing device A88E37F4C81AE266
2025-10-24 10:54:44,403 - __main__ - INFO - Device 7E8C780C40FC8FC3: exists=True, duplicate_action=skip
2025-10-24 10:54:44,404 - __main__ - INFO - Skipping existing device 7E8C780C40FC8FC3
2025-10-24 10:54:44,414 - __main__ - INFO - Device D0C1ADE6A263DA71: exists=True, duplicate_action=skip
2025-10-24 10:54:44,416 - __main__ - INFO - Skipping existing device D0C1ADE6A263DA71
2025-10-24 10:54:44,432 - __main__ - INFO - Device F28B418E802EAC92: exists=True, duplicate_action=skip
2025-10-24 10:54:44,433 - __main__ - INFO - Skipping existing device F28B418E802EAC92
2025-10-24 10:54:44,441 - __main__ - INFO - Device B8FB7BBC920C7408: exists=True, duplicate_action=skip
2025-10-24 10:54:44,443 - __main__ - INFO - Skipping existing device B8FB7BBC920C7408
2025-10-24 10:54:44,453 - __main__ - INFO - Device 1BFA99B9721E8CFD: exists=True, duplicate_action=skip
2025-10-24 10:54:44,453 - __main__ - INFO - Skipping existing device 1BFA99B9721E8CFD
2025-10-24 10:54:44,458 - __main__ - INFO - Device 0851A50CA50C622B: exists=True, duplicate_action=skip
2025-10-24 10:54:44,459 - __main__ - INFO - Skipping existing device 0851A50CA50C622B
2025-10-24 10:54:44,472 - __main__ - INFO - Device C2AA3AD05CBA1950: exists=True, duplicate_action=skip
2025-10-24 10:54:44,472 - __main__ - INFO - Skipping existing device C2AA3AD05CBA1950
2025-10-24 10:54:44,484 - __main__ - INFO - Device 91C3FC48F3475ED8: exists=True, duplicate_action=skip
2025-10-24 10:54:44,488 - __main__ - INFO - Skipping existing device 91C3FC48F3475ED8
2025-10-24 10:54:44,498 - __main__ - INFO - Device 8EF6377B2F37D3E9: exists=True, duplicate_action=skip
2025-10-24 10:54:44,499 - __main__ - INFO - Skipping existing device 8EF6377B2F37D3E9
2025-10-24 10:54:44,515 - __main__ - INFO - Device 718FDAA5A7ED8F25: exists=True, duplicate_action=skip
2025-10-24 10:54:44,518 - __main__ - INFO - Skipping existing device 718FDAA5A7ED8F25
2025-10-24 10:55:07,434 - __main__ - INFO - ================================================================================
2025-10-24 10:55:07,435 - __main__ - INFO - REGISTRATION RESULTS PAGE
2025-10-24 10:55:07,435 - __main__ - INFO - ================================================================================
2025-10-24 10:55:07,436 - __main__ - WARNING - No registration results found in session
2025-10-24 10:55:07,437 - werkzeug - INFO - 127.0.0.1 - - [24/Oct/2025 10:55:07] "[32mGET /registration-results HTTP/1.1[0m" 302 -
2025-10-24 10:55:07,465 - werkzeug - INFO - 127.0.0.1 - - [24/Oct/2025 10:55:07] "GET / HTTP/1.1" 200 -
2025-10-24 10:55:07,557 - werkzeug - INFO - 127.0.0.1 - - [24/Oct/2025 10:55:07] "[36mGET /static/style.css HTTP/1.1[0m" 304 -
